21:48:27.517 [main] INFO  testCases.TC_01_CabBooking - selected date
21:48:27.990 [main] INFO  testCases.TC_01_CabBooking - selected Time
21:48:32.209 [main] INFO  testCases.TC_01_CabBooking - Clicked search button
21:48:35.783 [main] INFO  testCases.TC_01_CabBooking - selected suv
21:48:35.998 [main] INFO  testCases.TC_01_CabBooking - Printed Name and price of vehicle with lowest price
21:48:36.006 [main] INFO  testCases.TC_02_weddingCard - _________Wedding Card TestCase Started__________
21:48:38.878 [main] INFO  testCases.TC_02_weddingCard - Clicked on GiftCards
21:48:39.692 [main] INFO  testCases.TC_02_weddingCard - Clicked on wedding card
21:48:43.534 [main] INFO  testCases.TC_02_weddingCard - Clicked on Email Button
21:48:43.855 [main] INFO  testCases.TC_02_weddingCard - send wrong email
21:48:44.153 [main] INFO  testCases.TC_02_weddingCard - clicked on buy button	
21:48:46.230 [main] INFO  testCases.TC_02_weddingCard - Got Error message
21:48:46.234 [main] INFO  testCases.TC_03_Hotels - _________Hotels TestCase Started__________
21:48:50.861 [main] INFO  testCases.TC_03_Hotels - clicked on Hotels
21:48:52.075 [main] INFO  testCases.TC_03_Hotels - clicked on guest
21:48:53.930 [main] INFO  testCases.TC_03_Hotels - clicked on adults
21:48:56.193 [main] DEBUG org.apache.poi.openxml4j.opc.ZipPackage - Save core properties part
21:48:56.194 [main] DEBUG org.apache.poi.openxml4j.opc.ZipPackage - Save content types part
21:48:56.380 [main] DEBUG org.apache.poi.openxml4j.opc.ZipPackage - Save package relationships
21:48:56.397 [main] DEBUG org.apache.poi.openxml4j.opc.ZipPackage - Save part 'docProps/app.xml'
21:48:56.405 [main] DEBUG org.apache.poi.openxml4j.opc.ZipPackage - Save part 'docProps/core.xml'
21:48:56.424 [main] DEBUG org.apache.poi.openxml4j.opc.ZipPackage - Save part 'xl/sharedStrings.xml'
21:48:56.425 [main] DEBUG org.apache.poi.openxml4j.opc.ZipPackage - Save part 'xl/styles.xml'
21:48:56.426 [main] DEBUG org.apache.poi.openxml4j.opc.ZipPackage - Save part 'xl/workbook.xml'
21:48:56.430 [main] DEBUG org.apache.poi.openxml4j.opc.ZipPackage - Save part 'xl/worksheets/sheet1.xml'
21:48:56.437 [main] DEBUG org.apache.poi.openxml4j.opc.ZipPackage - Save content types part
21:48:56.440 [main] DEBUG org.apache.poi.openxml4j.opc.ZipPackage - Save package relationships
21:48:56.444 [main] DEBUG org.apache.poi.openxml4j.opc.ZipPackage - Save part 'docProps/app.xml'
21:48:56.445 [main] DEBUG org.apache.poi.openxml4j.opc.ZipPackage - Save part 'docProps/core.xml'
21:48:56.448 [main] DEBUG org.apache.poi.openxml4j.opc.ZipPackage - Save part 'xl/sharedStrings.xml'
21:48:56.449 [main] DEBUG org.apache.poi.openxml4j.opc.ZipPackage - Save part 'xl/styles.xml'
21:48:56.449 [main] DEBUG org.apache.poi.openxml4j.opc.ZipPackage - Save part 'xl/workbook.xml'
21:48:56.453 [main] DEBUG org.apache.poi.openxml4j.opc.ZipPackage - Save part 'xl/worksheets/sheet1.xml'
21:48:56.455 [main] INFO  testCases.TC_03_Hotels - Printed in Excel
21:48:57.634 [main] INFO  testCases.TC_03_Hotels - Project is Succesfully Done
21:49:07.534 [main] INFO  testCases.TC_01_CabBooking - _________Cab Booking TestCase Started__________
21:49:12.572 [main] INFO  testCases.TC_01_CabBooking - Popup Handled
21:49:16.833 [main] INFO  testCases.TC_01_CabBooking - Clicked on Cab Button
21:49:18.006 [main] INFO  testCases.TC_01_CabBooking - selected From city
21:49:23.674 [main] INFO  testCases.TC_01_CabBooking - selected To city
21:49:23.906 [main] INFO  testCases.TC_01_CabBooking - selected date
21:49:24.322 [main] INFO  testCases.TC_01_CabBooking - selected Time
21:49:27.805 [main] INFO  testCases.TC_01_CabBooking - Clicked search button
21:49:30.392 [main] INFO  testCases.TC_01_CabBooking - selected suv
21:49:30.575 [main] INFO  testCases.TC_01_CabBooking - Printed Name and price of vehicle with lowest price
21:49:30.579 [main] INFO  testCases.TC_02_weddingCard - _________Wedding Card TestCase Started__________
21:49:33.161 [main] INFO  testCases.TC_02_weddingCard - Clicked on GiftCards
21:49:33.903 [main] INFO  testCases.TC_02_weddingCard - Clicked on wedding card
21:49:38.950 [main] INFO  testCases.TC_02_weddingCard - Clicked on Email Button
21:49:39.267 [main] INFO  testCases.TC_02_weddingCard - send wrong email
21:49:39.549 [main] INFO  testCases.TC_02_weddingCard - clicked on buy button	
21:49:41.622 [main] INFO  testCases.TC_02_weddingCard - Got Error message
21:49:41.626 [main] INFO  testCases.TC_03_Hotels - _________Hotels TestCase Started__________
21:49:46.380 [main] INFO  testCases.TC_03_Hotels - clicked on Hotels
21:49:47.559 [main] INFO  testCases.TC_03_Hotels - clicked on guest
21:49:49.657 [main] INFO  testCases.TC_03_Hotels - clicked on adults
21:49:50.622 [main] DEBUG org.apache.poi.openxml4j.opc.ZipPackage - Save core properties part
21:49:50.622 [main] DEBUG org.apache.poi.openxml4j.opc.ZipPackage - Save content types part
21:49:50.626 [main] DEBUG org.apache.poi.openxml4j.opc.ZipPackage - Save package relationships
