22:32:07.542 [main] INFO  testCases.TC_01_CabBooking - Popup Handled
22:32:14.698 [main] INFO  testCases.TC_01_CabBooking - Clicked on Cab Button
22:32:16.323 [main] INFO  testCases.TC_01_CabBooking - selected From city
22:32:22.067 [main] INFO  testCases.TC_01_CabBooking - selected To city
22:32:22.512 [main] INFO  testCases.TC_01_CabBooking - selected date
22:32:22.974 [main] INFO  testCases.TC_01_CabBooking - selected Time
22:32:28.151 [main] INFO  testCases.TC_01_CabBooking - Clicked search button
22:32:29.803 [main] INFO  testCases.TC_01_CabBooking - selected suv
22:32:30.185 [main] INFO  testCases.TC_01_CabBooking - Printed Name and price of vehicle with lowest price
22:32:30.377 [main] INFO  testCases.TC_02_weddingCard - _________Wedding Card TestCase Started__________
22:32:32.588 [main] INFO  testCases.TC_02_weddingCard - Clicked on GiftCards
22:32:33.208 [main] INFO  testCases.TC_02_weddingCard - Clicked on wedding card
22:32:36.644 [main] INFO  testCases.TC_02_weddingCard - Clicked on Email Button
22:32:37.100 [main] INFO  testCases.TC_02_weddingCard - send wrong email
22:32:37.499 [main] INFO  testCases.TC_02_weddingCard - clicked on buy button	
22:32:39.737 [main] INFO  testCases.TC_02_weddingCard - Got Error message
22:32:39.869 [main] INFO  testCases.TC_03_Hotels - _________Hotels TestCase Started__________
22:32:44.336 [main] INFO  testCases.TC_03_Hotels - clicked on Hotels
22:32:45.435 [main] INFO  testCases.TC_03_Hotels - clicked on guest
22:32:47.177 [main] INFO  testCases.TC_03_Hotels - clicked on adults
22:32:49.194 [main] DEBUG org.apache.poi.openxml4j.opc.ZipPackage - Save core properties part
22:32:49.195 [main] DEBUG org.apache.poi.openxml4j.opc.ZipPackage - Save content types part
22:32:49.408 [main] DEBUG org.apache.poi.openxml4j.opc.ZipPackage - Save package relationships
22:32:49.422 [main] DEBUG org.apache.poi.openxml4j.opc.ZipPackage - Save part 'docProps/app.xml'
22:32:49.428 [main] DEBUG org.apache.poi.openxml4j.opc.ZipPackage - Save part 'docProps/core.xml'
22:32:49.438 [main] DEBUG org.apache.poi.openxml4j.opc.ZipPackage - Save part 'xl/sharedStrings.xml'
22:32:49.438 [main] DEBUG org.apache.poi.openxml4j.opc.ZipPackage - Save part 'xl/styles.xml'
22:32:49.439 [main] DEBUG org.apache.poi.openxml4j.opc.ZipPackage - Save part 'xl/workbook.xml'
22:32:49.443 [main] DEBUG org.apache.poi.openxml4j.opc.ZipPackage - Save part 'xl/worksheets/sheet1.xml'
22:32:49.448 [main] DEBUG org.apache.poi.openxml4j.opc.ZipPackage - Save content types part
22:32:49.450 [main] DEBUG org.apache.poi.openxml4j.opc.ZipPackage - Save package relationships
22:32:49.452 [main] DEBUG org.apache.poi.openxml4j.opc.ZipPackage - Save part 'docProps/app.xml'
22:32:49.453 [main] DEBUG org.apache.poi.openxml4j.opc.ZipPackage - Save part 'docProps/core.xml'
22:32:49.456 [main] DEBUG org.apache.poi.openxml4j.opc.ZipPackage - Save part 'xl/sharedStrings.xml'
22:32:49.456 [main] DEBUG org.apache.poi.openxml4j.opc.ZipPackage - Save part 'xl/styles.xml'
22:32:49.457 [main] DEBUG org.apache.poi.openxml4j.opc.ZipPackage - Save part 'xl/workbook.xml'
22:32:49.460 [main] DEBUG org.apache.poi.openxml4j.opc.ZipPackage - Save part 'xl/worksheets/sheet1.xml'
22:32:49.464 [main] INFO  testCases.TC_03_Hotels - Printed in Excel
